<?xml version="1.0" encoding="UTF-8"?>
<testng-results ignored="0" total="1" passed="1" failed="0" skipped="0">
  <reporter-output>
  </reporter-output>
  <suite started-at="2023-03-28T17:23:50 AST" name="Default suite" finished-at="2023-03-28T17:25:20 AST" duration-ms="90879">
    <groups>
    </groups>
    <test started-at="2023-03-28T17:23:50 AST" name="Default test" finished-at="2023-03-28T17:25:20 AST" duration-ms="90879">
      <class name="com.hyr.test.FirstClass">
        <test-method signature="login()[pri:0, instance:com.hyr.test.FirstClass@1151e434]" started-at="2023-03-28T17:23:50 AST" name="login" finished-at="2023-03-28T17:25:20 AST" duration-ms="90817" status="PASS">
          <reporter-output>
          </reporter-output>
        </test-method> <!-- login -->
      </class> <!-- com.hyr.test.FirstClass -->
    </test> <!-- Default test -->
  </suite> <!-- Default suite -->
</testng-results>
